<?xml version="1.0" encoding="UTF-8"?>
<coverage generated="1762783829290" clover="3.2.0">
  <project timestamp="1762783829290" name="All files">
    <metrics statements="136" coveredstatements="123" conditionals="37" coveredconditionals="32" methods="14" coveredmethods="8" elements="187" coveredelements="163" complexity="0" loc="136" ncloc="136" packages="1" files="2" classes="2"/>
    <file name="computations.ts" path="/home/stuvjordan/blw-dataviz-everything/packages/shared-computation/src/computations.ts">
      <metrics statements="132" coveredstatements="123" conditionals="37" coveredconditionals="32" methods="10" coveredmethods="8"/>
      <line num="16" count="1" type="stmt"/>
      <line num="17" count="745" type="stmt"/>
      <line num="34" count="1" type="stmt"/>
      <line num="42" count="10" type="stmt"/>
      <line num="45" count="10" type="stmt"/>
      <line num="46" count="20" type="stmt"/>
      <line num="47" count="20" type="stmt"/>
      <line num="48" count="20" type="stmt"/>
      <line num="49" count="40" type="stmt"/>
      <line num="50" count="50" type="stmt"/>
      <line num="53" count="20" type="stmt"/>
      <line num="58" count="10" type="stmt"/>
      <line num="59" count="20" type="stmt"/>
      <line num="60" count="20" type="stmt"/>
      <line num="61" count="20" type="stmt"/>
      <line num="62" count="80" type="stmt"/>
      <line num="63" count="80" type="stmt"/>
      <line num="66" count="20" type="stmt"/>
      <line num="67" count="40" type="stmt"/>
      <line num="68" count="80" type="stmt"/>
      <line num="71" count="20" type="stmt"/>
      <line num="76" count="10" type="cond" truecount="1" falsecount="0"/>
      <line num="77" count="5" type="stmt"/>
      <line num="78" count="5" type="stmt"/>
      <line num="83" count="10" type="stmt"/>
      <line num="86" count="10" type="stmt"/>
      <line num="89" count="10" type="stmt"/>
      <line num="91" count="10" type="stmt"/>
      <line num="92" count="430" type="stmt"/>
      <line num="95" count="430" type="cond" truecount="1" falsecount="0"/>
      <line num="96" count="65" type="stmt"/>
      <line num="100" count="365" type="stmt"/>
      <line num="107" count="365" type="stmt"/>
      <line num="111" count="365" type="cond" truecount="3" falsecount="0"/>
      <line num="113" count="20" type="stmt"/>
      <line num="115" count="20" type="stmt"/>
      <line num="116" count="20" type="stmt"/>
      <line num="120" count="345" type="cond" truecount="1" falsecount="0"/>
      <line num="123" count="345" type="cond" truecount="3" falsecount="0"/>
      <line num="125" count="10" type="stmt"/>
      <line num="127" count="10" type="stmt"/>
      <line num="128" count="10" type="stmt"/>
      <line num="133" count="335" type="stmt"/>
      <line num="134" count="335" type="cond" truecount="1" falsecount="0"/>
      <line num="135" count="90" type="stmt"/>
      <line num="136" count="90" type="stmt"/>
      <line num="138" count="335" type="stmt"/>
      <line num="142" count="10" type="stmt"/>
      <line num="144" count="10" type="stmt"/>
      <line num="145" count="70" type="stmt"/>
      <line num="146" count="70" type="stmt"/>
      <line num="149" count="70" type="stmt"/>
      <line num="150" count="315" type="stmt"/>
      <line num="154" count="70" type="stmt"/>
      <line num="155" count="295" type="stmt"/>
      <line num="161" count="295" type="stmt"/>
      <line num="164" count="295" type="cond" truecount="1" falsecount="0"/>
      <line num="171" count="35" type="cond" truecount="1" falsecount="1"/>
      <line num="177" count="70" type="stmt"/>
      <line num="178" count="70" type="stmt"/>
      <line num="179" count="265" type="cond" truecount="1" falsecount="0"/>
      <line num="180" count="20" type="stmt"/>
      <line num="181" count="20" type="stmt"/>
      <line num="186" count="70" type="cond" truecount="1" falsecount="0"/>
      <line num="187" count="50" type="stmt"/>
      <line num="195" count="10" type="stmt"/>
      <line num="225" count="1" type="stmt"/>
      <line num="227" count="3" type="cond" truecount="0" falsecount="1"/>
      <line num="228" count="0" type="stmt"/>
      <line num="238" count="3" type="stmt"/>
      <line num="240" count="3" type="stmt"/>
      <line num="242" count="6" type="stmt"/>
      <line num="246" count="6" type="stmt"/>
      <line num="251" count="3" type="stmt"/>
      <line num="254" count="3" type="stmt"/>
      <line num="255" count="6" type="stmt"/>
      <line num="258" count="6" type="stmt"/>
      <line num="259" count="12" type="stmt"/>
      <line num="260" count="36" type="stmt"/>
      <line num="264" count="6" type="stmt"/>
      <line num="268" count="3" type="stmt"/>
      <line num="270" count="3" type="stmt"/>
      <line num="273" count="27" type="stmt"/>
      <line num="275" count="27" type="stmt"/>
      <line num="276" count="54" type="stmt"/>
      <line num="277" count="54" type="stmt"/>
      <line num="279" count="54" type="stmt"/>
      <line num="291" count="27" type="stmt"/>
      <line num="297" count="3" type="stmt"/>
      <line num="316" count="2" type="stmt"/>
      <line num="319" count="2" type="stmt"/>
      <line num="320" count="10" type="stmt"/>
      <line num="323" count="10" type="stmt"/>
      <line num="325" count="16" type="cond" truecount="0" falsecount="1"/>
      <line num="326" count="0" type="stmt"/>
      <line num="330" count="16" type="stmt"/>
      <line num="331" count="16" type="stmt"/>
      <line num="336" count="16" type="cond" truecount="1" falsecount="0"/>
      <line num="342" count="6" type="stmt"/>
      <line num="343" count="6" type="stmt"/>
      <line num="348" count="10" type="cond" truecount="1" falsecount="0"/>
      <line num="349" count="4" type="stmt"/>
      <line num="353" count="2" type="stmt"/>
      <line num="377" count="4" type="stmt"/>
      <line num="380" count="4" type="stmt"/>
      <line num="381" count="4" type="stmt"/>
      <line num="382" count="8" type="cond" truecount="2" falsecount="0"/>
      <line num="386" count="4" type="stmt"/>
      <line num="389" count="8" type="stmt"/>
      <line num="391" count="24" type="stmt"/>
      <line num="393" count="24" type="stmt"/>
      <line num="394" count="48" type="stmt"/>
      <line num="397" count="48" type="cond" truecount="4" falsecount="0"/>
      <line num="398" count="16" type="cond" truecount="2" falsecount="0"/>
      <line num="403" count="24" type="cond" truecount="1" falsecount="1"/>
      <line num="405" count="24" type="stmt"/>
      <line num="414" count="4" type="stmt"/>
      <line num="434" count="1" type="stmt"/>
      <line num="441" count="2" type="stmt"/>
      <line num="444" count="2" type="stmt"/>
      <line num="446" count="2" type="stmt"/>
      <line num="448" count="4" type="stmt"/>
      <line num="455" count="4" type="stmt"/>
      <line num="464" count="2" type="stmt"/>
      <line num="495" count="1" type="stmt"/>
      <line num="501" count="0" type="cond" truecount="0" falsecount="1"/>
      <line num="502" count="0" type="stmt"/>
      <line num="508" count="0" type="stmt"/>
      <line num="517" count="0" type="stmt"/>
      <line num="520" count="0" type="stmt"/>
      <line num="521" count="0" type="stmt"/>
      <line num="524" count="0" type="stmt"/>
    </file>
    <file name="index.ts" path="/home/stuvjordan/blw-dataviz-everything/packages/shared-computation/src/index.ts">
      <metrics statements="4" coveredstatements="0" conditionals="0" coveredconditionals="0" methods="4" coveredmethods="0"/>
      <line num="23" count="0" type="stmt"/>
      <line num="26" count="0" type="stmt"/>
      <line num="27" count="0" type="stmt"/>
      <line num="28" count="0" type="stmt"/>
    </file>
  </project>
</coverage>
