{"/home/stuvjordan/blw-dataviz-everything/packages/shared-computation/src/computations.ts": {"path":"/home/stuvjordan/blw-dataviz-everything/packages/shared-computation/src/computations.ts","statementMap":{"0":{"start":{"line":16,"column":0},"end":{"line":16,"column":16}},"1":{"start":{"line":34,"column":0},"end":{"line":34,"column":16}},"2":{"start":{"line":225,"column":0},"end":{"line":225,"column":16}},"3":{"start":{"line":434,"column":0},"end":{"line":434,"column":16}},"4":{"start":{"line":495,"column":0},"end":{"line":495,"column":16}},"5":{"start":{"line":17,"column":2},"end":{"line":17,"column":78}},"6":{"start":{"line":42,"column":35},"end":{"line":42,"column":65}},"7":{"start":{"line":45,"column":2},"end":{"line":54,"column":3}},"8":{"start":{"line":46,"column":24},"end":{"line":46,"column":44}},"9":{"start":{"line":47,"column":24},"end":{"line":47,"column":41}},"10":{"start":{"line":48,"column":4},"end":{"line":52,"column":5}},"11":{"start":{"line":49,"column":6},"end":{"line":51,"column":7}},"12":{"start":{"line":50,"column":8},"end":{"line":50,"column":31}},"13":{"start":{"line":53,"column":4},"end":{"line":53,"column":59}},"14":{"start":{"line":58,"column":2},"end":{"line":72,"column":3}},"15":{"start":{"line":59,"column":24},"end":{"line":59,"column":44}},"16":{"start":{"line":60,"column":24},"end":{"line":60,"column":41}},"17":{"start":{"line":61,"column":4},"end":{"line":65,"column":5}},"18":{"start":{"line":62,"column":6},"end":{"line":64,"column":7}},"19":{"start":{"line":63,"column":8},"end":{"line":63,"column":31}},"20":{"start":{"line":66,"column":4},"end":{"line":70,"column":5}},"21":{"start":{"line":67,"column":6},"end":{"line":69,"column":7}},"22":{"start":{"line":68,"column":8},"end":{"line":68,"column":31}},"23":{"start":{"line":71,"column":4},"end":{"line":71,"column":59}},"24":{"start":{"line":76,"column":2},"end":{"line":79,"column":3}},"25":{"start":{"line":77,"column":22},"end":{"line":77,"column":55}},"26":{"start":{"line":78,"column":4},"end":{"line":78,"column":63}},"27":{"start":{"line":83,"column":23},"end":{"line":83,"column":71}},"28":{"start":{"line":86,"column":29},"end":{"line":86,"column":46}},"29":{"start":{"line":89,"column":32},"end":{"line":89,"column":65}},"30":{"start":{"line":91,"column":2},"end":{"line":139,"column":3}},"31":{"start":{"line":92,"column":25},"end":{"line":92,"column":46}},"32":{"start":{"line":95,"column":4},"end":{"line":97,"column":5}},"33":{"start":{"line":96,"column":6},"end":{"line":96,"column":15}},"34":{"start":{"line":100,"column":24},"end":{"line":104,"column":6}},"35":{"start":{"line":107,"column":24},"end":{"line":107,"column":65}},"36":{"start":{"line":111,"column":4},"end":{"line":117,"column":5}},"37":{"start":{"line":113,"column":6},"end":{"line":113,"column":43}},"38":{"start":{"line":115,"column":6},"end":{"line":115,"column":49}},"39":{"start":{"line":116,"column":6},"end":{"line":116,"column":15}},"40":{"start":{"line":120,"column":4},"end":{"line":130,"column":5}},"41":{"start":{"line":123,"column":6},"end":{"line":129,"column":7}},"42":{"start":{"line":125,"column":8},"end":{"line":125,"column":45}},"43":{"start":{"line":127,"column":8},"end":{"line":127,"column":51}},"44":{"start":{"line":128,"column":8},"end":{"line":128,"column":17}},"45":{"start":{"line":133,"column":19},"end":{"line":133,"column":58}},"46":{"start":{"line":134,"column":4},"end":{"line":137,"column":5}},"47":{"start":{"line":135,"column":6},"end":{"line":135,"column":20}},"48":{"start":{"line":136,"column":6},"end":{"line":136,"column":56}},"49":{"start":{"line":138,"column":4},"end":{"line":138,"column":28}},"50":{"start":{"line":142,"column":38},"end":{"line":142,"column":40}},"51":{"start":{"line":144,"column":2},"end":{"line":193,"column":3}},"52":{"start":{"line":145,"column":24},"end":{"line":145,"column":56}},"53":{"start":{"line":146,"column":17},"end":{"line":146,"column":20}},"54":{"start":{"line":149,"column":4},"end":{"line":151,"column":5}},"55":{"start":{"line":150,"column":6},"end":{"line":150,"column":41}},"56":{"start":{"line":154,"column":4},"end":{"line":173,"column":5}},"57":{"start":{"line":155,"column":26},"end":{"line":159,"column":8}},"58":{"start":{"line":161,"column":6},"end":{"line":161,"column":54}},"59":{"start":{"line":164,"column":6},"end":{"line":172,"column":7}},"60":{"start":{"line":171,"column":8},"end":{"line":171,"column":70}},"61":{"start":{"line":177,"column":26},"end":{"line":177,"column":30}},"62":{"start":{"line":178,"column":4},"end":{"line":183,"column":5}},"63":{"start":{"line":179,"column":6},"end":{"line":182,"column":7}},"64":{"start":{"line":180,"column":8},"end":{"line":180,"column":32}},"65":{"start":{"line":181,"column":8},"end":{"line":181,"column":14}},"66":{"start":{"line":186,"column":4},"end":{"line":192,"column":5}},"67":{"start":{"line":187,"column":6},"end":{"line":191,"column":9}},"68":{"start":{"line":195,"column":2},"end":{"line":195,"column":17}},"69":{"start":{"line":227,"column":2},"end":{"line":234,"column":3}},"70":{"start":{"line":228,"column":4},"end":{"line":233,"column":6}},"71":{"start":{"line":238,"column":57},"end":{"line":238,"column":59}},"72":{"start":{"line":240,"column":2},"end":{"line":247,"column":3}},"73":{"start":{"line":242,"column":46},"end":{"line":245,"column":6}},"74":{"start":{"line":246,"column":4},"end":{"line":246,"column":37}},"75":{"start":{"line":251,"column":49},"end":{"line":251,"column":53}},"76":{"start":{"line":254,"column":2},"end":{"line":265,"column":3}},"77":{"start":{"line":255,"column":56},"end":{"line":255,"column":58}},"78":{"start":{"line":258,"column":4},"end":{"line":262,"column":5}},"79":{"start":{"line":259,"column":6},"end":{"line":261,"column":7}},"80":{"start":{"line":260,"column":8},"end":{"line":260,"column":55}},"81":{"start":{"line":264,"column":4},"end":{"line":264,"column":35}},"82":{"start":{"line":268,"column":26},"end":{"line":268,"column":28}},"83":{"start":{"line":270,"column":2},"end":{"line":295,"column":3}},"84":{"start":{"line":273,"column":36},"end":{"line":273,"column":38}},"85":{"start":{"line":275,"column":4},"end":{"line":287,"column":5}},"86":{"start":{"line":275,"column":17},"end":{"line":275,"column":18}},"87":{"start":{"line":276,"column":23},"end":{"line":276,"column":57}},"88":{"start":{"line":277,"column":28},"end":{"line":277,"column":42}},"89":{"start":{"line":279,"column":6},"end":{"line":286,"column":9}},"90":{"start":{"line":291,"column":4},"end":{"line":294,"column":7}},"91":{"start":{"line":297,"column":2},"end":{"line":297,"column":16}},"92":{"start":{"line":316,"column":39},"end":{"line":316,"column":41}},"93":{"start":{"line":319,"column":2},"end":{"line":351,"column":3}},"94":{"start":{"line":320,"column":18},"end":{"line":320,"column":22}},"95":{"start":{"line":323,"column":4},"end":{"line":345,"column":5}},"96":{"start":{"line":325,"column":6},"end":{"line":327,"column":7}},"97":{"start":{"line":326,"column":8},"end":{"line":326,"column":17}},"98":{"start":{"line":330,"column":26},"end":{"line":330,"column":59}},"99":{"start":{"line":331,"column":33},"end":{"line":331,"column":70}},"100":{"start":{"line":336,"column":6},"end":{"line":344,"column":7}},"101":{"start":{"line":342,"column":8},"end":{"line":342,"column":24}},"102":{"start":{"line":343,"column":8},"end":{"line":343,"column":14}},"103":{"start":{"line":348,"column":4},"end":{"line":350,"column":5}},"104":{"start":{"line":349,"column":6},"end":{"line":349,"column":32}},"105":{"start":{"line":353,"column":2},"end":{"line":353,"column":18}},"106":{"start":{"line":377,"column":22},"end":{"line":377,"column":57}},"107":{"start":{"line":380,"column":20},"end":{"line":380,"column":21}},"108":{"start":{"line":381,"column":2},"end":{"line":383,"column":3}},"109":{"start":{"line":382,"column":4},"end":{"line":382,"column":58}},"110":{"start":{"line":386,"column":27},"end":{"line":411,"column":3}},"111":{"start":{"line":389,"column":4},"end":{"line":410,"column":7}},"112":{"start":{"line":391,"column":18},"end":{"line":391,"column":19}},"113":{"start":{"line":393,"column":6},"end":{"line":400,"column":7}},"114":{"start":{"line":394,"column":25},"end":{"line":394,"column":62}},"115":{"start":{"line":397,"column":8},"end":{"line":399,"column":9}},"116":{"start":{"line":398,"column":10},"end":{"line":398,"column":58}},"117":{"start":{"line":403,"column":25},"end":{"line":403,"column":66}},"118":{"start":{"line":405,"column":6},"end":{"line":409,"column":8}},"119":{"start":{"line":414,"column":2},"end":{"line":417,"column":4}},"120":{"start":{"line":441,"column":30},"end":{"line":441,"column":75}},"121":{"start":{"line":444,"column":56},"end":{"line":444,"column":58}},"122":{"start":{"line":446,"column":2},"end":{"line":461,"column":3}},"123":{"start":{"line":448,"column":24},"end":{"line":451,"column":null}},"124":{"start":{"line":455,"column":4},"end":{"line":460,"column":7}},"125":{"start":{"line":464,"column":2},"end":{"line":467,"column":4}},"126":{"start":{"line":501,"column":2},"end":{"line":503,"column":3}},"127":{"start":{"line":502,"column":4},"end":{"line":502,"column":14}},"128":{"start":{"line":508,"column":27},"end":{"line":511,"column":null}},"129":{"start":{"line":517,"column":17},"end":{"line":517,"column":46}},"130":{"start":{"line":520,"column":26},"end":{"line":521,"column":null}},"131":{"start":{"line":521,"column":4},"end":{"line":521,"column":83}},"132":{"start":{"line":524,"column":2},"end":{"line":524,"column":25}}},"fnMap":{"0":{"name":"createQuestionKey","decl":{"start":{"line":16,"column":16},"end":{"line":16,"column":33}},"loc":{"start":{"line":16,"column":52},"end":{"line":18,"column":1}}},"1":{"name":"buildRespondentRecords","decl":{"start":{"line":34,"column":16},"end":{"line":34,"column":38}},"loc":{"start":{"line":37,"column":30},"end":{"line":196,"column":1}}},"2":{"name":"generateSplits","decl":{"start":{"line":225,"column":16},"end":{"line":225,"column":30}},"loc":{"start":{"line":225,"column":59},"end":{"line":298,"column":1}}},"3":{"name":"filterRespondentsForSplit","decl":{"start":{"line":312,"column":9},"end":{"line":312,"column":34}},"loc":{"start":{"line":314,"column":14},"end":{"line":354,"column":1}}},"4":{"name":"computeProportionsForQuestion","decl":{"start":{"line":369,"column":9},"end":{"line":369,"column":38}},"loc":{"start":{"line":372,"column":30},"end":{"line":418,"column":1}}},"5":{"name":"(anonymous_5)","decl":{"start":{"line":386,"column":27},"end":{"line":386,"column":null}},"loc":{"start":{"line":388,"column":50},"end":{"line":411,"column":3}}},"6":{"name":"(anonymous_6)","decl":{"start":{"line":389,"column":22},"end":{"line":389,"column":23}},"loc":{"start":{"line":389,"column":32},"end":{"line":410,"column":5}}},"7":{"name":"populateSplitStatistics","decl":{"start":{"line":434,"column":16},"end":{"line":434,"column":39}},"loc":{"start":{"line":438,"column":30},"end":{"line":468,"column":1}}},"8":{"name":"computeSplitStatistics","decl":{"start":{"line":495,"column":16},"end":{"line":495,"column":38}},"loc":{"start":{"line":498,"column":30},"end":{"line":525,"column":1}}},"9":{"name":"(anonymous_9)","decl":{"start":{"line":520,"column":37},"end":{"line":520,"column":38}},"loc":{"start":{"line":521,"column":4},"end":{"line":521,"column":83}}}},"branchMap":{"0":{"loc":{"start":{"line":76,"column":2},"end":{"line":79,"column":3}},"type":"if","locations":[{"start":{"line":76,"column":2},"end":{"line":79,"column":3}}]},"1":{"loc":{"start":{"line":95,"column":4},"end":{"line":97,"column":5}},"type":"if","locations":[{"start":{"line":95,"column":4},"end":{"line":97,"column":5}}]},"2":{"loc":{"start":{"line":111,"column":4},"end":{"line":117,"column":5}},"type":"if","locations":[{"start":{"line":111,"column":4},"end":{"line":117,"column":5}}]},"3":{"loc":{"start":{"line":111,"column":8},"end":{"line":111,"column":69}},"type":"binary-expr","locations":[{"start":{"line":111,"column":8},"end":{"line":111,"column":34}},{"start":{"line":111,"column":38},"end":{"line":111,"column":69}}]},"4":{"loc":{"start":{"line":120,"column":4},"end":{"line":130,"column":5}},"type":"if","locations":[{"start":{"line":120,"column":4},"end":{"line":130,"column":5}}]},"5":{"loc":{"start":{"line":123,"column":6},"end":{"line":129,"column":7}},"type":"if","locations":[{"start":{"line":123,"column":6},"end":{"line":129,"column":7}}]},"6":{"loc":{"start":{"line":123,"column":10},"end":{"line":123,"column":69}},"type":"binary-expr","locations":[{"start":{"line":123,"column":10},"end":{"line":123,"column":30}},{"start":{"line":123,"column":34},"end":{"line":123,"column":69}}]},"7":{"loc":{"start":{"line":134,"column":4},"end":{"line":137,"column":5}},"type":"if","locations":[{"start":{"line":134,"column":4},"end":{"line":137,"column":5}}]},"8":{"loc":{"start":{"line":164,"column":6},"end":{"line":172,"column":7}},"type":"if","locations":[{"start":{"line":164,"column":6},"end":{"line":172,"column":7}}]},"9":{"loc":{"start":{"line":165,"column":8},"end":{"line":168,"column":57}},"type":"binary-expr","locations":[{"start":{"line":165,"column":8},"end":{"line":165,"column":22}},{"start":{"line":166,"column":8},"end":{"line":166,"column":51}},{"start":{"line":167,"column":8},"end":{"line":167,"column":59}},{"start":{"line":168,"column":8},"end":{"line":168,"column":57}}]},"10":{"loc":{"start":{"line":171,"column":17},"end":{"line":171,"column":69}},"type":"cond-expr","locations":[{"start":{"line":171,"column":46},"end":{"line":171,"column":63}},{"start":{"line":171,"column":66},"end":{"line":171,"column":69}}]},"11":{"loc":{"start":{"line":179,"column":6},"end":{"line":182,"column":7}},"type":"if","locations":[{"start":{"line":179,"column":6},"end":{"line":182,"column":7}}]},"12":{"loc":{"start":{"line":186,"column":4},"end":{"line":192,"column":5}},"type":"if","locations":[{"start":{"line":186,"column":4},"end":{"line":192,"column":5}}]},"13":{"loc":{"start":{"line":227,"column":2},"end":{"line":234,"column":3}},"type":"if","locations":[{"start":{"line":227,"column":2},"end":{"line":234,"column":3}}]},"14":{"loc":{"start":{"line":325,"column":6},"end":{"line":327,"column":7}},"type":"if","locations":[{"start":{"line":325,"column":6},"end":{"line":327,"column":7}}]},"15":{"loc":{"start":{"line":336,"column":6},"end":{"line":344,"column":7}},"type":"if","locations":[{"start":{"line":336,"column":6},"end":{"line":344,"column":7}}]},"16":{"loc":{"start":{"line":337,"column":8},"end":{"line":339,"column":64}},"type":"binary-expr","locations":[{"start":{"line":337,"column":8},"end":{"line":337,"column":35}},{"start":{"line":338,"column":8},"end":{"line":338,"column":40}},{"start":{"line":339,"column":8},"end":{"line":339,"column":64}}]},"17":{"loc":{"start":{"line":348,"column":4},"end":{"line":350,"column":5}},"type":"if","locations":[{"start":{"line":348,"column":4},"end":{"line":350,"column":5}}]},"18":{"loc":{"start":{"line":382,"column":19},"end":{"line":382,"column":57}},"type":"cond-expr","locations":[{"start":{"line":382,"column":36},"end":{"line":382,"column":53}},{"start":{"line":382,"column":56},"end":{"line":382,"column":57}}]},"19":{"loc":{"start":{"line":397,"column":8},"end":{"line":399,"column":9}},"type":"if","locations":[{"start":{"line":397,"column":8},"end":{"line":399,"column":9}}]},"20":{"loc":{"start":{"line":397,"column":12},"end":{"line":397,"column":90}},"type":"binary-expr","locations":[{"start":{"line":397,"column":12},"end":{"line":397,"column":29}},{"start":{"line":397,"column":33},"end":{"line":397,"column":55}},{"start":{"line":397,"column":59},"end":{"line":397,"column":90}}]},"21":{"loc":{"start":{"line":398,"column":19},"end":{"line":398,"column":57}},"type":"cond-expr","locations":[{"start":{"line":398,"column":36},"end":{"line":398,"column":53}},{"start":{"line":398,"column":56},"end":{"line":398,"column":57}}]},"22":{"loc":{"start":{"line":403,"column":25},"end":{"line":403,"column":66}},"type":"cond-expr","locations":[{"start":{"line":403,"column":43},"end":{"line":403,"column":62}},{"start":{"line":403,"column":65},"end":{"line":403,"column":66}}]},"23":{"loc":{"start":{"line":501,"column":2},"end":{"line":503,"column":3}},"type":"if","locations":[{"start":{"line":501,"column":2},"end":{"line":503,"column":3}}]}},"s":{"0":1,"1":1,"2":1,"3":1,"4":1,"5":745,"6":10,"7":10,"8":20,"9":20,"10":20,"11":40,"12":50,"13":20,"14":10,"15":20,"16":20,"17":20,"18":80,"19":80,"20":20,"21":40,"22":80,"23":20,"24":10,"25":5,"26":5,"27":10,"28":10,"29":10,"30":10,"31":430,"32":430,"33":65,"34":365,"35":365,"36":365,"37":20,"38":20,"39":20,"40":345,"41":345,"42":10,"43":10,"44":10,"45":335,"46":335,"47":90,"48":90,"49":335,"50":10,"51":10,"52":70,"53":70,"54":70,"55":315,"56":70,"57":295,"58":295,"59":295,"60":35,"61":70,"62":70,"63":265,"64":20,"65":20,"66":70,"67":50,"68":10,"69":3,"70":0,"71":3,"72":3,"73":6,"74":6,"75":3,"76":3,"77":6,"78":6,"79":12,"80":36,"81":6,"82":3,"83":3,"84":27,"85":27,"86":27,"87":54,"88":54,"89":54,"90":27,"91":3,"92":2,"93":2,"94":10,"95":10,"96":16,"97":0,"98":16,"99":16,"100":16,"101":6,"102":6,"103":10,"104":4,"105":2,"106":4,"107":4,"108":4,"109":8,"110":4,"111":8,"112":24,"113":24,"114":48,"115":48,"116":16,"117":24,"118":24,"119":4,"120":2,"121":2,"122":2,"123":4,"124":4,"125":2,"126":0,"127":0,"128":0,"129":0,"130":0,"131":0,"132":0},"f":{"0":745,"1":10,"2":3,"3":2,"4":4,"5":8,"6":24,"7":2,"8":0,"9":0},"b":{"0":[5],"1":[65],"2":[20],"3":[365,345],"4":[345],"5":[10],"6":[345,300],"7":[90],"8":[35],"9":[295,165,35,35],"10":[35,0],"11":[20],"12":[50],"13":[0],"14":[0],"15":[6],"16":[16,16,16],"17":[4],"18":[4,4],"19":[16],"20":[48,48,48],"21":[8,8],"22":[24,0],"23":[0]}}
,"/home/stuvjordan/blw-dataviz-everything/packages/shared-computation/src/index.ts": {"path":"/home/stuvjordan/blw-dataviz-everything/packages/shared-computation/src/index.ts","statementMap":{"0":{"start":{"line":23,"column":0},"end":{"line":23,"column":9}},"1":{"start":{"line":23,"column":9},"end":{"line":23,"column":33}},"2":{"start":{"line":23,"column":33},"end":{"line":23,"column":75}},"3":{"start":{"line":26,"column":0},"end":{"line":26,"column":null}},"4":{"start":{"line":27,"column":2},"end":{"line":27,"column":null}},"5":{"start":{"line":28,"column":2},"end":{"line":28,"column":null}}},"fnMap":{"0":{"name":"(anonymous_0)","decl":{"start":{"line":23,"column":9},"end":{"line":23,"column":31}},"loc":{"start":{"line":23,"column":9},"end":{"line":23,"column":33}}},"1":{"name":"(anonymous_1)","decl":{"start":{"line":23,"column":33},"end":{"line":23,"column":50}},"loc":{"start":{"line":23,"column":33},"end":{"line":23,"column":75}}},"2":{"name":"(anonymous_2)","decl":{"start":{"line":27,"column":2},"end":{"line":27,"column":23}},"loc":{"start":{"line":27,"column":2},"end":{"line":27,"column":null}}},"3":{"name":"(anonymous_3)","decl":{"start":{"line":28,"column":2},"end":{"line":28,"column":27}},"loc":{"start":{"line":28,"column":2},"end":{"line":28,"column":null}}}},"branchMap":{},"s":{"0":0,"1":0,"2":0,"3":0,"4":0,"5":0},"f":{"0":0,"1":0,"2":0,"3":0},"b":{}}
}
