TN:
SF:src/computations.ts
FN:16,createQuestionKey
FN:34,buildRespondentRecords
FN:225,generateSplits
FN:312,filterRespondentsForSplit
FN:369,computeProportionsForQuestion
FN:386,(anonymous_5)
FN:389,(anonymous_6)
FN:434,populateSplitStatistics
FN:495,computeSplitStatistics
FN:520,(anonymous_9)
FNF:10
FNH:8
FNDA:745,createQuestionKey
FNDA:10,buildRespondentRecords
FNDA:3,generateSplits
FNDA:2,filterRespondentsForSplit
FNDA:4,computeProportionsForQuestion
FNDA:8,(anonymous_5)
FNDA:24,(anonymous_6)
FNDA:2,populateSplitStatistics
FNDA:0,computeSplitStatistics
FNDA:0,(anonymous_9)
DA:16,1
DA:17,745
DA:34,1
DA:42,10
DA:45,10
DA:46,20
DA:47,20
DA:48,20
DA:49,40
DA:50,50
DA:53,20
DA:58,10
DA:59,20
DA:60,20
DA:61,20
DA:62,80
DA:63,80
DA:66,20
DA:67,40
DA:68,80
DA:71,20
DA:76,10
DA:77,5
DA:78,5
DA:83,10
DA:86,10
DA:89,10
DA:91,10
DA:92,430
DA:95,430
DA:96,65
DA:100,365
DA:107,365
DA:111,365
DA:113,20
DA:115,20
DA:116,20
DA:120,345
DA:123,345
DA:125,10
DA:127,10
DA:128,10
DA:133,335
DA:134,335
DA:135,90
DA:136,90
DA:138,335
DA:142,10
DA:144,10
DA:145,70
DA:146,70
DA:149,70
DA:150,315
DA:154,70
DA:155,295
DA:161,295
DA:164,295
DA:171,35
DA:177,70
DA:178,70
DA:179,265
DA:180,20
DA:181,20
DA:186,70
DA:187,50
DA:195,10
DA:225,1
DA:227,3
DA:228,0
DA:238,3
DA:240,3
DA:242,6
DA:246,6
DA:251,3
DA:254,3
DA:255,6
DA:258,6
DA:259,12
DA:260,36
DA:264,6
DA:268,3
DA:270,3
DA:273,27
DA:275,27
DA:276,54
DA:277,54
DA:279,54
DA:291,27
DA:297,3
DA:316,2
DA:319,2
DA:320,10
DA:323,10
DA:325,16
DA:326,0
DA:330,16
DA:331,16
DA:336,16
DA:342,6
DA:343,6
DA:348,10
DA:349,4
DA:353,2
DA:377,4
DA:380,4
DA:381,4
DA:382,8
DA:386,4
DA:389,8
DA:391,24
DA:393,24
DA:394,48
DA:397,48
DA:398,16
DA:403,24
DA:405,24
DA:414,4
DA:434,1
DA:441,2
DA:444,2
DA:446,2
DA:448,4
DA:455,4
DA:464,2
DA:495,1
DA:501,0
DA:502,0
DA:508,0
DA:517,0
DA:520,0
DA:521,0
DA:524,0
LF:132
LH:123
BRDA:76,0,0,5
BRDA:95,1,0,65
BRDA:111,2,0,20
BRDA:111,3,0,365
BRDA:111,3,1,345
BRDA:120,4,0,345
BRDA:123,5,0,10
BRDA:123,6,0,345
BRDA:123,6,1,300
BRDA:134,7,0,90
BRDA:164,8,0,35
BRDA:165,9,0,295
BRDA:165,9,1,165
BRDA:165,9,2,35
BRDA:165,9,3,35
BRDA:171,10,0,35
BRDA:171,10,1,0
BRDA:179,11,0,20
BRDA:186,12,0,50
BRDA:227,13,0,0
BRDA:325,14,0,0
BRDA:336,15,0,6
BRDA:337,16,0,16
BRDA:337,16,1,16
BRDA:337,16,2,16
BRDA:348,17,0,4
BRDA:382,18,0,4
BRDA:382,18,1,4
BRDA:397,19,0,16
BRDA:397,20,0,48
BRDA:397,20,1,48
BRDA:397,20,2,48
BRDA:398,21,0,8
BRDA:398,21,1,8
BRDA:403,22,0,24
BRDA:403,22,1,0
BRDA:501,23,0,0
BRF:37
BRH:32
end_of_record
TN:
SF:src/index.ts
FN:23,(anonymous_0)
FN:23,(anonymous_1)
FN:27,(anonymous_2)
FN:28,(anonymous_3)
FNF:4
FNH:0
FNDA:0,(anonymous_0)
FNDA:0,(anonymous_1)
FNDA:0,(anonymous_2)
FNDA:0,(anonymous_3)
DA:23,0
DA:26,0
DA:27,0
DA:28,0
LF:4
LH:0
BRF:0
BRH:0
end_of_record
